<?xml version="1.0" encoding="UTF-8"?>
<!-- Generated by org.testng.reporters.JUnitReportReporter -->
<testsuite hostname="EVT01213NB" failures="0" tests="1" name="test.Day2" time="0.014" errors="0" timestamp="2020-04-05T20:51:26 EET" skipped="0">
  <testcase classname="test.Day2" name="Demo2" time="0.014"/>
  <system-out/>
</testsuite> <!-- test.Day2 -->
