<?xml version="1.0" encoding="UTF-8"?>
<!-- Generated by org.testng.reporters.JUnitReportReporter -->
<testsuite hostname="EVT01213NB" failures="0" tests="8" name="test.Day3" time="5.490" errors="0" timestamp="2020-04-07T23:44:42 EET" skipped="1">
  <testcase classname="test.Day3" name="Login" time="5.465"/>
  <system-out/>
  <testcase classname="test.Day3" name="CallData" time="0.001"/>
  <system-out/>
  <testcase classname="test.Day3" name="MobileLogin" time="0.007"/>
  <system-out/>
  <testcase classname="test.Day3" name="APILogin" time="0.009"/>
  <system-out/>
  <testcase classname="test.Day3" name="CallData" time="0.003"/>
  <system-out/>
  <testcase classname="test.Day3" name="WebLogin" time="0.002"/>
  <system-out/>
  <testcase classname="test.Day3" name="CallData" time="0.003"/>
  <system-out/>
  <testcase classname="test.Day3" name="ABC">
    <skipped/>
  </testcase> <!-- ABC -->
  <system-out/>
</testsuite> <!-- test.Day3 -->
