<?xml version="1.0" encoding="UTF-8"?>
<!-- Generated by org.testng.reporters.JUnitReportReporter -->
<testsuite hostname="EVT01213NB" failures="0" tests="1" name="test.Day4" time="0.003" errors="0" timestamp="2020-04-05T20:51:26 EET" skipped="0">
  <testcase classname="test.Day4" name="WebLogin" time="0.003"/>
  <system-out/>
</testsuite> <!-- test.Day4 -->
