<?xml version="1.0" encoding="UTF-8"?>
<!-- Generated by org.testng.reporters.JUnitReportReporter -->
<testsuite hostname="EVT01213NB" failures="0" tests="1" name="test.Day1" time="0.008" errors="0" timestamp="2020-04-05T20:45:38 EET" skipped="0">
  <testcase classname="test.Day1" name="Demo" time="0.008"/>
  <system-out/>
</testsuite> <!-- test.Day1 -->
